[2023-11-15 23:15:33,518] INFO [ControllerEventThread controllerId=0] Starting (kafka.controller.ControllerEventManager$ControllerEventThread)
[2023-11-15 23:15:33,558] INFO [Controller id=0] 0 successfully elected as the controller. Epoch incremented to 1 and epoch zk version is now 1 (kafka.controller.KafkaController)
[2023-11-15 23:15:33,567] INFO [Controller id=0] Creating FeatureZNode at path: /feature with contents: FeatureZNode(2,Enabled,Map()) (kafka.controller.KafkaController)
[2023-11-15 23:15:33,651] INFO [Controller id=0] Registering handlers (kafka.controller.KafkaController)
[2023-11-15 23:15:33,661] INFO [Controller id=0] Deleting log dir event notifications (kafka.controller.KafkaController)
[2023-11-15 23:15:33,686] INFO [Controller id=0] Deleting isr change notifications (kafka.controller.KafkaController)
[2023-11-15 23:15:33,691] INFO [Controller id=0] Initializing controller context (kafka.controller.KafkaController)
[2023-11-15 23:15:33,724] INFO [Controller id=0] Initialized broker epochs cache: HashMap(0 -> 25) (kafka.controller.KafkaController)
[2023-11-15 23:15:33,734] DEBUG [Controller id=0] Register BrokerModifications handler for Set(0) (kafka.controller.KafkaController)
[2023-11-15 23:15:33,745] DEBUG [Channel manager on controller 0]: Controller 0 trying to connect to broker 0 (kafka.controller.ControllerChannelManager)
[2023-11-15 23:15:33,759] INFO [RequestSendThread controllerId=0] Starting (kafka.controller.RequestSendThread)
[2023-11-15 23:15:33,761] INFO [Controller id=0] Currently active brokers in the cluster: Set(0) (kafka.controller.KafkaController)
[2023-11-15 23:15:33,762] INFO [Controller id=0] Currently shutting brokers in the cluster: HashSet() (kafka.controller.KafkaController)
[2023-11-15 23:15:33,762] INFO [Controller id=0] Current list of topics in the cluster: HashSet() (kafka.controller.KafkaController)
[2023-11-15 23:15:33,763] INFO [Controller id=0] Fetching topic deletions in progress (kafka.controller.KafkaController)
[2023-11-15 23:15:33,768] INFO [Controller id=0] List of topics to be deleted:  (kafka.controller.KafkaController)
[2023-11-15 23:15:33,769] INFO [Controller id=0] List of topics ineligible for deletion:  (kafka.controller.KafkaController)
[2023-11-15 23:15:33,769] INFO [Controller id=0] Initializing topic deletion manager (kafka.controller.KafkaController)
[2023-11-15 23:15:33,770] INFO [Topic Deletion Manager 0] Initializing manager with initial deletions: Set(), initial ineligible deletions: HashSet() (kafka.controller.TopicDeletionManager)
[2023-11-15 23:15:33,773] INFO [Controller id=0] Sending update metadata request (kafka.controller.KafkaController)
[2023-11-15 23:15:33,805] INFO [ReplicaStateMachine controllerId=0] Initializing replica state (kafka.controller.ZkReplicaStateMachine)
[2023-11-15 23:15:33,807] INFO [ReplicaStateMachine controllerId=0] Triggering online replica state changes (kafka.controller.ZkReplicaStateMachine)
[2023-11-15 23:15:33,817] INFO [ReplicaStateMachine controllerId=0] Triggering offline replica state changes (kafka.controller.ZkReplicaStateMachine)
[2023-11-15 23:15:33,818] DEBUG [ReplicaStateMachine controllerId=0] Started replica state machine with initial state -> HashMap() (kafka.controller.ZkReplicaStateMachine)
[2023-11-15 23:15:33,819] INFO [PartitionStateMachine controllerId=0] Initializing partition state (kafka.controller.ZkPartitionStateMachine)
[2023-11-15 23:15:33,820] INFO [PartitionStateMachine controllerId=0] Triggering online partition state changes (kafka.controller.ZkPartitionStateMachine)
[2023-11-15 23:15:33,825] DEBUG [PartitionStateMachine controllerId=0] Started partition state machine with initial state -> HashMap() (kafka.controller.ZkPartitionStateMachine)
[2023-11-15 23:15:33,826] INFO [Controller id=0] Ready to serve as the new controller with epoch 1 (kafka.controller.KafkaController)
[2023-11-15 23:15:33,836] INFO [Controller id=0] Partitions undergoing preferred replica election:  (kafka.controller.KafkaController)
[2023-11-15 23:15:33,837] INFO [Controller id=0] Partitions that completed preferred replica election:  (kafka.controller.KafkaController)
[2023-11-15 23:15:33,837] INFO [Controller id=0] Skipping preferred replica election for partitions due to topic deletion:  (kafka.controller.KafkaController)
[2023-11-15 23:15:33,838] INFO [Controller id=0] Resuming preferred replica election for partitions:  (kafka.controller.KafkaController)
[2023-11-15 23:15:33,840] INFO [Controller id=0] Starting replica leader election (PREFERRED) for partitions  triggered by ZkTriggered (kafka.controller.KafkaController)
[2023-11-15 23:15:33,871] INFO [Controller id=0] Starting the controller scheduler (kafka.controller.KafkaController)
[2023-11-15 23:15:34,321] INFO [RequestSendThread controllerId=0] Controller 0 connected to NovaSeele:9092 (id: 0 rack: null) for sending state change requests (kafka.controller.RequestSendThread)
[2023-11-15 23:15:38,872] INFO [Controller id=0] Processing automatic preferred replica leader election (kafka.controller.KafkaController)
[2023-11-15 23:15:38,872] TRACE [Controller id=0] Checking need to trigger auto leader balancing (kafka.controller.KafkaController)
[2023-11-15 23:16:57,030] INFO [Controller id=0] Newly added brokers: 1, deleted brokers: , bounced brokers: , all live brokers: 0,1 (kafka.controller.KafkaController)
[2023-11-15 23:16:57,030] DEBUG [Channel manager on controller 0]: Controller 0 trying to connect to broker 1 (kafka.controller.ControllerChannelManager)
[2023-11-15 23:16:57,037] INFO [RequestSendThread controllerId=0] Starting (kafka.controller.RequestSendThread)
[2023-11-15 23:16:57,040] INFO [Controller id=0] New broker startup callback for 1 (kafka.controller.KafkaController)
[2023-11-15 23:16:57,049] DEBUG [Controller id=0] Register BrokerModifications handler for List(1) (kafka.controller.KafkaController)
[2023-11-15 23:16:57,054] INFO [Controller id=0] Updated broker epochs cache: HashMap(0 -> 25, 1 -> 45) (kafka.controller.KafkaController)
[2023-11-15 23:16:57,146] INFO [ControllerEventThread controllerId=1] Starting (kafka.controller.ControllerEventManager$ControllerEventThread)
[2023-11-15 23:16:57,166] DEBUG [Controller id=1] Broker 0 has been elected as the controller, so stopping the election process. (kafka.controller.KafkaController)
[2023-11-15 23:16:57,560] INFO [RequestSendThread controllerId=0] Controller 0 connected to NovaSeele:9093 (id: 1 rack: null) for sending state change requests (kafka.controller.RequestSendThread)
[2023-11-15 23:19:26,455] INFO [Controller id=0] Newly added brokers: 2, deleted brokers: , bounced brokers: , all live brokers: 0,1,2 (kafka.controller.KafkaController)
[2023-11-15 23:19:26,455] DEBUG [Channel manager on controller 0]: Controller 0 trying to connect to broker 2 (kafka.controller.ControllerChannelManager)
[2023-11-15 23:19:26,461] INFO [Controller id=0] New broker startup callback for 2 (kafka.controller.KafkaController)
[2023-11-15 23:19:26,461] INFO [RequestSendThread controllerId=0] Starting (kafka.controller.RequestSendThread)
[2023-11-15 23:19:26,465] DEBUG [Controller id=0] Register BrokerModifications handler for List(2) (kafka.controller.KafkaController)
[2023-11-15 23:19:26,468] INFO [Controller id=0] Updated broker epochs cache: HashMap(0 -> 25, 1 -> 45, 2 -> 146) (kafka.controller.KafkaController)
[2023-11-15 23:19:26,567] INFO [ControllerEventThread controllerId=2] Starting (kafka.controller.ControllerEventManager$ControllerEventThread)
[2023-11-15 23:19:26,585] DEBUG [Controller id=2] Broker 0 has been elected as the controller, so stopping the election process. (kafka.controller.KafkaController)
[2023-11-15 23:19:26,977] INFO [RequestSendThread controllerId=0] Controller 0 connected to NovaSeele:9094 (id: 2 rack: null) for sending state change requests (kafka.controller.RequestSendThread)
[2023-11-15 23:20:38,886] INFO [Controller id=0] Processing automatic preferred replica leader election (kafka.controller.KafkaController)
[2023-11-15 23:20:38,886] TRACE [Controller id=0] Checking need to trigger auto leader balancing (kafka.controller.KafkaController)
[2023-11-15 23:25:26,205] INFO [Controller id=0] New topics: [Set(NovaSeele)], deleted topics: [HashSet()], new partition replica assignment [Set(TopicIdReplicaAssignment(NovaSeele,Some(zltwm_JiSa-ZT5tDL05JfQ),Map(NovaSeele-0 -> ReplicaAssignment(replicas=2,1,0, addingReplicas=, removingReplicas=), NovaSeele-1 -> ReplicaAssignment(replicas=1,0,2, addingReplicas=, removingReplicas=))))] (kafka.controller.KafkaController)
[2023-11-15 23:25:26,206] INFO [Controller id=0] New partition creation callback for NovaSeele-0,NovaSeele-1 (kafka.controller.KafkaController)
[2023-11-15 23:25:38,897] INFO [Controller id=0] Processing automatic preferred replica leader election (kafka.controller.KafkaController)
[2023-11-15 23:25:38,897] TRACE [Controller id=0] Checking need to trigger auto leader balancing (kafka.controller.KafkaController)
[2023-11-15 23:25:38,900] DEBUG [Controller id=0] Topics not in preferred replica for broker 1 Map() (kafka.controller.KafkaController)
[2023-11-15 23:25:38,901] TRACE [Controller id=0] Leader imbalance ratio for broker 1 is 0.0 (kafka.controller.KafkaController)
[2023-11-15 23:25:38,901] DEBUG [Controller id=0] Topics not in preferred replica for broker 2 Map() (kafka.controller.KafkaController)
[2023-11-15 23:25:38,901] TRACE [Controller id=0] Leader imbalance ratio for broker 2 is 0.0 (kafka.controller.KafkaController)
[2023-11-15 23:26:04,776] DEBUG [Controller id=0] There is no producerId block yet (Zk path version 0), creating the first block (kafka.controller.KafkaController)
[2023-11-15 23:26:04,781] INFO [Controller id=0] Acquired new producerId block ProducerIdsBlock(assignedBrokerId=1, firstProducerId=0, size=1000) by writing to Zk with path version 1 (kafka.controller.KafkaController)
[2023-11-15 23:26:04,890] DEBUG [Controller id=0] Read current producerId block ProducerIdsBlock(assignedBrokerId=1, firstProducerId=0, size=1000), Zk path version 1 (kafka.controller.KafkaController)
[2023-11-15 23:26:04,894] INFO [Controller id=0] Acquired new producerId block ProducerIdsBlock(assignedBrokerId=0, firstProducerId=1000, size=1000) by writing to Zk with path version 2 (kafka.controller.KafkaController)
[2023-11-15 23:28:17,906] INFO [Controller id=0] New topics: [Set(__consumer_offsets)], deleted topics: [HashSet()], new partition replica assignment [Set(TopicIdReplicaAssignment(__consumer_offsets,Some(K7xzVPzwQ2iqkOoTjohmWA),HashMap(__consumer_offsets-22 -> ReplicaAssignment(replicas=1, addingReplicas=, removingReplicas=), __consumer_offsets-30 -> ReplicaAssignment(replicas=2, addingReplicas=, removingReplicas=), __consumer_offsets-25 -> ReplicaAssignment(replicas=1, addingReplicas=, removingReplicas=), __consumer_offsets-35 -> ReplicaAssignment(replicas=0, addingReplicas=, removingReplicas=), __consumer_offsets-37 -> ReplicaAssignment(replicas=1, addingReplicas=, removingReplicas=), __consumer_offsets-38 -> ReplicaAssignment(replicas=0, addingReplicas=, removingReplicas=), __consumer_offsets-13 -> ReplicaAssignment(replicas=1, addingReplicas=, removingReplicas=), __consumer_offsets-8 -> ReplicaAssignment(replicas=0, addingReplicas=, removingReplicas=), __consumer_offsets-21 -> ReplicaAssignment(replicas=2, addingReplicas=, removingReplicas=), __consumer_offsets-4 -> ReplicaAssignment(replicas=1, addingReplicas=, removingReplicas=), __consumer_offsets-27 -> ReplicaAssignment(replicas=2, addingReplicas=, removingReplicas=), __consumer_offsets-7 -> ReplicaAssignment(replicas=1, addingReplicas=, removingReplicas=), __consumer_offsets-9 -> ReplicaAssignment(replicas=2, addingReplicas=, removingReplicas=), __consumer_offsets-46 -> ReplicaAssignment(replicas=1, addingReplicas=, removingReplicas=), __consumer_offsets-41 -> ReplicaAssignment(replicas=0, addingReplicas=, removingReplicas=), __consumer_offsets-33 -> ReplicaAssignment(replicas=2, addingReplicas=, removingReplicas=), __consumer_offsets-23 -> ReplicaAssignment(replicas=0, addingReplicas=, removingReplicas=), __consumer_offsets-49 -> ReplicaAssignment(replicas=1, addingReplicas=, removingReplicas=), __consumer_offsets-47 -> ReplicaAssignment(replicas=0, addingReplicas=, removingReplicas=), __consumer_offsets-16 -> ReplicaAssignment(replicas=1, addingReplicas=, removingReplicas=), __consumer_offsets-28 -> ReplicaAssignment(replicas=1, addingReplicas=, removingReplicas=), __consumer_offsets-31 -> ReplicaAssignment(replicas=1, addingReplicas=, removingReplicas=), __consumer_offsets-36 -> ReplicaAssignment(replicas=2, addingReplicas=, removingReplicas=), __consumer_offsets-42 -> ReplicaAssignment(replicas=2, addingReplicas=, removingReplicas=), __consumer_offsets-3 -> ReplicaAssignment(replicas=2, addingReplicas=, removingReplicas=), __consumer_offsets-18 -> ReplicaAssignment(replicas=2, addingReplicas=, removingReplicas=), __consumer_offsets-15 -> ReplicaAssignment(replicas=2, addingReplicas=, removingReplicas=), __consumer_offsets-24 -> ReplicaAssignment(replicas=2, addingReplicas=, removingReplicas=), __consumer_offsets-17 -> ReplicaAssignment(replicas=0, addingReplicas=, removingReplicas=), __consumer_offsets-48 -> ReplicaAssignment(replicas=2, addingReplicas=, removingReplicas=), __consumer_offsets-19 -> ReplicaAssignment(replicas=1, addingReplicas=, removingReplicas=), __consumer_offsets-11 -> ReplicaAssignment(replicas=0, addingReplicas=, removingReplicas=), __consumer_offsets-2 -> ReplicaAssignment(replicas=0, addingReplicas=, removingReplicas=), __consumer_offsets-43 -> ReplicaAssignment(replicas=1, addingReplicas=, removingReplicas=), __consumer_offsets-6 -> ReplicaAssignment(replicas=2, addingReplicas=, removingReplicas=), __consumer_offsets-14 -> ReplicaAssignment(replicas=0, addingReplicas=, removingReplicas=), __consumer_offsets-20 -> ReplicaAssignment(replicas=0, addingReplicas=, removingReplicas=), __consumer_offsets-0 -> ReplicaAssignment(replicas=2, addingReplicas=, removingReplicas=), __consumer_offsets-44 -> ReplicaAssignment(replicas=0, addingReplicas=, removingReplicas=), __consumer_offsets-39 -> ReplicaAssignment(replicas=2, addingReplicas=, removingReplicas=), __consumer_offsets-12 -> ReplicaAssignment(replicas=2, addingReplicas=, removingReplicas=), __consumer_offsets-45 -> ReplicaAssignment(replicas=2, addingReplicas=, removingReplicas=), __consumer_offsets-1 -> ReplicaAssignment(replicas=1, addingReplicas=, removingReplicas=), __consumer_offsets-5 -> ReplicaAssignment(replicas=0, addingReplicas=, removingReplicas=), __consumer_offsets-26 -> ReplicaAssignment(replicas=0, addingReplicas=, removingReplicas=), __consumer_offsets-29 -> ReplicaAssignment(replicas=0, addingReplicas=, removingReplicas=), __consumer_offsets-34 -> ReplicaAssignment(replicas=1, addingReplicas=, removingReplicas=), __consumer_offsets-10 -> ReplicaAssignment(replicas=1, addingReplicas=, removingReplicas=), __consumer_offsets-32 -> ReplicaAssignment(replicas=0, addingReplicas=, removingReplicas=), __consumer_offsets-40 -> ReplicaAssignment(replicas=1, addingReplicas=, removingReplicas=))))] (kafka.controller.KafkaController)
[2023-11-15 23:28:17,907] INFO [Controller id=0] New partition creation callback for __consumer_offsets-22,__consumer_offsets-30,__consumer_offsets-25,__consumer_offsets-35,__consumer_offsets-37,__consumer_offsets-38,__consumer_offsets-13,__consumer_offsets-8,__consumer_offsets-21,__consumer_offsets-4,__consumer_offsets-27,__consumer_offsets-7,__consumer_offsets-9,__consumer_offsets-46,__consumer_offsets-41,__consumer_offsets-33,__consumer_offsets-23,__consumer_offsets-49,__consumer_offsets-47,__consumer_offsets-16,__consumer_offsets-28,__consumer_offsets-31,__consumer_offsets-36,__consumer_offsets-42,__consumer_offsets-3,__consumer_offsets-18,__consumer_offsets-15,__consumer_offsets-24,__consumer_offsets-17,__consumer_offsets-48,__consumer_offsets-19,__consumer_offsets-11,__consumer_offsets-2,__consumer_offsets-43,__consumer_offsets-6,__consumer_offsets-14,__consumer_offsets-20,__consumer_offsets-0,__consumer_offsets-44,__consumer_offsets-39,__consumer_offsets-12,__consumer_offsets-45,__consumer_offsets-1,__consumer_offsets-5,__consumer_offsets-26,__consumer_offsets-29,__consumer_offsets-34,__consumer_offsets-10,__consumer_offsets-32,__consumer_offsets-40 (kafka.controller.KafkaController)
[2023-11-15 23:30:38,908] INFO [Controller id=0] Processing automatic preferred replica leader election (kafka.controller.KafkaController)
[2023-11-15 23:30:38,908] TRACE [Controller id=0] Checking need to trigger auto leader balancing (kafka.controller.KafkaController)
[2023-11-15 23:30:38,911] DEBUG [Controller id=0] Topics not in preferred replica for broker 0 HashMap() (kafka.controller.KafkaController)
[2023-11-15 23:30:38,911] TRACE [Controller id=0] Leader imbalance ratio for broker 0 is 0.0 (kafka.controller.KafkaController)
[2023-11-15 23:30:38,911] DEBUG [Controller id=0] Topics not in preferred replica for broker 1 HashMap() (kafka.controller.KafkaController)
[2023-11-15 23:30:38,911] TRACE [Controller id=0] Leader imbalance ratio for broker 1 is 0.0 (kafka.controller.KafkaController)
[2023-11-15 23:30:38,911] DEBUG [Controller id=0] Topics not in preferred replica for broker 2 HashMap() (kafka.controller.KafkaController)
[2023-11-15 23:30:38,911] TRACE [Controller id=0] Leader imbalance ratio for broker 2 is 0.0 (kafka.controller.KafkaController)
[2023-11-15 23:35:38,923] INFO [Controller id=0] Processing automatic preferred replica leader election (kafka.controller.KafkaController)
[2023-11-15 23:35:38,923] TRACE [Controller id=0] Checking need to trigger auto leader balancing (kafka.controller.KafkaController)
[2023-11-15 23:35:38,924] DEBUG [Controller id=0] Topics not in preferred replica for broker 0 HashMap() (kafka.controller.KafkaController)
[2023-11-15 23:35:38,924] TRACE [Controller id=0] Leader imbalance ratio for broker 0 is 0.0 (kafka.controller.KafkaController)
[2023-11-15 23:35:38,924] DEBUG [Controller id=0] Topics not in preferred replica for broker 1 HashMap() (kafka.controller.KafkaController)
[2023-11-15 23:35:38,924] TRACE [Controller id=0] Leader imbalance ratio for broker 1 is 0.0 (kafka.controller.KafkaController)
[2023-11-15 23:35:38,924] DEBUG [Controller id=0] Topics not in preferred replica for broker 2 HashMap() (kafka.controller.KafkaController)
[2023-11-15 23:35:38,924] TRACE [Controller id=0] Leader imbalance ratio for broker 2 is 0.0 (kafka.controller.KafkaController)
[2023-11-15 23:40:38,929] INFO [Controller id=0] Processing automatic preferred replica leader election (kafka.controller.KafkaController)
[2023-11-15 23:40:38,929] TRACE [Controller id=0] Checking need to trigger auto leader balancing (kafka.controller.KafkaController)
[2023-11-15 23:40:38,930] DEBUG [Controller id=0] Topics not in preferred replica for broker 0 HashMap() (kafka.controller.KafkaController)
[2023-11-15 23:40:38,931] TRACE [Controller id=0] Leader imbalance ratio for broker 0 is 0.0 (kafka.controller.KafkaController)
[2023-11-15 23:40:38,931] DEBUG [Controller id=0] Topics not in preferred replica for broker 1 HashMap() (kafka.controller.KafkaController)
[2023-11-15 23:40:38,931] TRACE [Controller id=0] Leader imbalance ratio for broker 1 is 0.0 (kafka.controller.KafkaController)
[2023-11-15 23:40:38,931] DEBUG [Controller id=0] Topics not in preferred replica for broker 2 HashMap() (kafka.controller.KafkaController)
[2023-11-15 23:40:38,931] TRACE [Controller id=0] Leader imbalance ratio for broker 2 is 0.0 (kafka.controller.KafkaController)
[2023-11-15 23:41:59,860] INFO [Controller id=0] New topics: [Set(add-product)], deleted topics: [HashSet()], new partition replica assignment [Set(TopicIdReplicaAssignment(add-product,Some(B1eIQ2dETLG0jeiqSkIkzQ),Map(add-product-0 -> ReplicaAssignment(replicas=2,0,1, addingReplicas=, removingReplicas=), add-product-1 -> ReplicaAssignment(replicas=1,2,0, addingReplicas=, removingReplicas=))))] (kafka.controller.KafkaController)
[2023-11-15 23:41:59,860] INFO [Controller id=0] New partition creation callback for add-product-0,add-product-1 (kafka.controller.KafkaController)
[2023-11-15 23:41:59,882] INFO [RequestSendThread controllerId=0] Controller 0 connected to NovaSeele:9094 (id: 2 rack: null) for sending state change requests (kafka.controller.RequestSendThread)
[2023-11-15 23:41:59,882] INFO [RequestSendThread controllerId=0] Controller 0 connected to NovaSeele:9092 (id: 0 rack: null) for sending state change requests (kafka.controller.RequestSendThread)
[2023-11-15 23:41:59,882] INFO [RequestSendThread controllerId=0] Controller 0 connected to NovaSeele:9093 (id: 1 rack: null) for sending state change requests (kafka.controller.RequestSendThread)
[2023-11-15 23:42:12,796] INFO [Controller id=0] New topics: [Set(add-orders)], deleted topics: [HashSet()], new partition replica assignment [Set(TopicIdReplicaAssignment(add-orders,Some(oRLAE5x1TqKM-nF4fXBHDQ),Map(add-orders-0 -> ReplicaAssignment(replicas=1,2,0, addingReplicas=, removingReplicas=), add-orders-1 -> ReplicaAssignment(replicas=0,1,2, addingReplicas=, removingReplicas=))))] (kafka.controller.KafkaController)
[2023-11-15 23:42:12,796] INFO [Controller id=0] New partition creation callback for add-orders-0,add-orders-1 (kafka.controller.KafkaController)
[2023-11-15 23:43:19,219] INFO [Controller id=0] New topics: [HashSet(add-order)], deleted topics: [HashSet()], new partition replica assignment [Set(TopicIdReplicaAssignment(add-order,Some(YtqBQpeqSpWeeKgHkR5Y-w),Map(add-order-0 -> ReplicaAssignment(replicas=2, addingReplicas=, removingReplicas=), add-order-1 -> ReplicaAssignment(replicas=1, addingReplicas=, removingReplicas=))))] (kafka.controller.KafkaController)
[2023-11-15 23:43:19,219] INFO [Controller id=0] New partition creation callback for add-order-0,add-order-1 (kafka.controller.KafkaController)
[2023-11-15 23:45:38,938] INFO [Controller id=0] Processing automatic preferred replica leader election (kafka.controller.KafkaController)
[2023-11-15 23:45:38,938] TRACE [Controller id=0] Checking need to trigger auto leader balancing (kafka.controller.KafkaController)
[2023-11-15 23:45:38,939] DEBUG [Controller id=0] Topics not in preferred replica for broker 0 HashMap() (kafka.controller.KafkaController)
[2023-11-15 23:45:38,939] TRACE [Controller id=0] Leader imbalance ratio for broker 0 is 0.0 (kafka.controller.KafkaController)
[2023-11-15 23:45:38,939] DEBUG [Controller id=0] Topics not in preferred replica for broker 1 HashMap() (kafka.controller.KafkaController)
[2023-11-15 23:45:38,939] TRACE [Controller id=0] Leader imbalance ratio for broker 1 is 0.0 (kafka.controller.KafkaController)
[2023-11-15 23:45:38,939] DEBUG [Controller id=0] Topics not in preferred replica for broker 2 HashMap() (kafka.controller.KafkaController)
[2023-11-15 23:45:38,939] TRACE [Controller id=0] Leader imbalance ratio for broker 2 is 0.0 (kafka.controller.KafkaController)
[2023-11-15 23:50:38,952] INFO [Controller id=0] Processing automatic preferred replica leader election (kafka.controller.KafkaController)
[2023-11-15 23:50:38,952] TRACE [Controller id=0] Checking need to trigger auto leader balancing (kafka.controller.KafkaController)
[2023-11-15 23:50:38,954] DEBUG [Controller id=0] Topics not in preferred replica for broker 0 HashMap() (kafka.controller.KafkaController)
[2023-11-15 23:50:38,954] TRACE [Controller id=0] Leader imbalance ratio for broker 0 is 0.0 (kafka.controller.KafkaController)
[2023-11-15 23:50:38,954] DEBUG [Controller id=0] Topics not in preferred replica for broker 1 HashMap() (kafka.controller.KafkaController)
[2023-11-15 23:50:38,954] TRACE [Controller id=0] Leader imbalance ratio for broker 1 is 0.0 (kafka.controller.KafkaController)
[2023-11-15 23:50:38,954] DEBUG [Controller id=0] Topics not in preferred replica for broker 2 HashMap() (kafka.controller.KafkaController)
[2023-11-15 23:50:38,954] TRACE [Controller id=0] Leader imbalance ratio for broker 2 is 0.0 (kafka.controller.KafkaController)
[2023-11-15 23:55:38,961] INFO [Controller id=0] Processing automatic preferred replica leader election (kafka.controller.KafkaController)
[2023-11-15 23:55:38,961] TRACE [Controller id=0] Checking need to trigger auto leader balancing (kafka.controller.KafkaController)
[2023-11-15 23:55:38,962] DEBUG [Controller id=0] Topics not in preferred replica for broker 0 HashMap() (kafka.controller.KafkaController)
[2023-11-15 23:55:38,962] TRACE [Controller id=0] Leader imbalance ratio for broker 0 is 0.0 (kafka.controller.KafkaController)
[2023-11-15 23:55:38,962] DEBUG [Controller id=0] Topics not in preferred replica for broker 1 HashMap() (kafka.controller.KafkaController)
[2023-11-15 23:55:38,962] TRACE [Controller id=0] Leader imbalance ratio for broker 1 is 0.0 (kafka.controller.KafkaController)
[2023-11-15 23:55:38,962] DEBUG [Controller id=0] Topics not in preferred replica for broker 2 HashMap() (kafka.controller.KafkaController)
[2023-11-15 23:55:38,962] TRACE [Controller id=0] Leader imbalance ratio for broker 2 is 0.0 (kafka.controller.KafkaController)
[2023-11-15 23:58:21,999] INFO [Controller id=0] Shutting down broker 2 (kafka.controller.KafkaController)
[2023-11-15 23:58:22,000] DEBUG [Controller id=0] All shutting down brokers: 2 (kafka.controller.KafkaController)
[2023-11-15 23:58:22,000] DEBUG [Controller id=0] Live brokers: 0,1 (kafka.controller.KafkaController)
[2023-11-15 23:58:22,062] INFO [RequestSendThread controllerId=0] Controller 0 connected to NovaSeele:9093 (id: 1 rack: null) for sending state change requests (kafka.controller.RequestSendThread)
[2023-11-15 23:58:22,062] INFO [RequestSendThread controllerId=0] Controller 0 connected to NovaSeele:9092 (id: 0 rack: null) for sending state change requests (kafka.controller.RequestSendThread)
[2023-11-15 23:58:22,062] INFO [RequestSendThread controllerId=0] Controller 0 connected to NovaSeele:9094 (id: 2 rack: null) for sending state change requests (kafka.controller.RequestSendThread)
[2023-11-15 23:58:22,131] TRACE [Controller id=0] All leaders = __consumer_offsets-13 -> (Leader:1,ISR:1,LeaderRecoveryState:RECOVERED,LeaderEpoch:0,ZkVersion:0,ControllerEpoch:1),__consumer_offsets-46 -> (Leader:1,ISR:1,LeaderRecoveryState:RECOVERED,LeaderEpoch:0,ZkVersion:0,ControllerEpoch:1),NovaSeele-0 -> (Leader:1,ISR:1,0,LeaderRecoveryState:RECOVERED,LeaderEpoch:1,ZkVersion:1,ControllerEpoch:1),__consumer_offsets-9 -> (Leader:2,ISR:2,LeaderRecoveryState:RECOVERED,LeaderEpoch:0,ZkVersion:0,ControllerEpoch:1),__consumer_offsets-42 -> (Leader:2,ISR:2,LeaderRecoveryState:RECOVERED,LeaderEpoch:0,ZkVersion:0,ControllerEpoch:1),__consumer_offsets-21 -> (Leader:2,ISR:2,LeaderRecoveryState:RECOVERED,LeaderEpoch:0,ZkVersion:0,ControllerEpoch:1),add-order-0 -> (Leader:2,ISR:2,LeaderRecoveryState:RECOVERED,LeaderEpoch:0,ZkVersion:0,ControllerEpoch:1),__consumer_offsets-17 -> (Leader:0,ISR:0,LeaderRecoveryState:RECOVERED,LeaderEpoch:0,ZkVersion:0,ControllerEpoch:1),add-orders-0 -> (Leader:1,ISR:1,0,LeaderRecoveryState:RECOVERED,LeaderEpoch:1,ZkVersion:1,ControllerEpoch:1),__consumer_offsets-30 -> (Leader:2,ISR:2,LeaderRecoveryState:RECOVERED,LeaderEpoch:0,ZkVersion:0,ControllerEpoch:1),add-product-1 -> (Leader:1,ISR:1,0,LeaderRecoveryState:RECOVERED,LeaderEpoch:1,ZkVersion:1,ControllerEpoch:1),__consumer_offsets-26 -> (Leader:0,ISR:0,LeaderRecoveryState:RECOVERED,LeaderEpoch:0,ZkVersion:0,ControllerEpoch:1),__consumer_offsets-5 -> (Leader:0,ISR:0,LeaderRecoveryState:RECOVERED,LeaderEpoch:0,ZkVersion:0,ControllerEpoch:1),__consumer_offsets-38 -> (Leader:0,ISR:0,LeaderRecoveryState:RECOVERED,LeaderEpoch:0,ZkVersion:0,ControllerEpoch:1),__consumer_offsets-1 -> (Leader:1,ISR:1,LeaderRecoveryState:RECOVERED,LeaderEpoch:0,ZkVersion:0,ControllerEpoch:1),__consumer_offsets-34 -> (Leader:1,ISR:1,LeaderRecoveryState:RECOVERED,LeaderEpoch:0,ZkVersion:0,ControllerEpoch:1),__consumer_offsets-16 -> (Leader:1,ISR:1,LeaderRecoveryState:RECOVERED,LeaderEpoch:0,ZkVersion:0,ControllerEpoch:1),__consumer_offsets-45 -> (Leader:2,ISR:2,LeaderRecoveryState:RECOVERED,LeaderEpoch:0,ZkVersion:0,ControllerEpoch:1),__consumer_offsets-12 -> (Leader:2,ISR:2,LeaderRecoveryState:RECOVERED,LeaderEpoch:0,ZkVersion:0,ControllerEpoch:1),__consumer_offsets-41 -> (Leader:0,ISR:0,LeaderRecoveryState:RECOVERED,LeaderEpoch:0,ZkVersion:0,ControllerEpoch:1),__consumer_offsets-24 -> (Leader:2,ISR:2,LeaderRecoveryState:RECOVERED,LeaderEpoch:0,ZkVersion:0,ControllerEpoch:1),__consumer_offsets-20 -> (Leader:0,ISR:0,LeaderRecoveryState:RECOVERED,LeaderEpoch:0,ZkVersion:0,ControllerEpoch:1),add-orders-1 -> (Leader:0,ISR:0,1,LeaderRecoveryState:RECOVERED,LeaderEpoch:1,ZkVersion:1,ControllerEpoch:1),__consumer_offsets-49 -> (Leader:1,ISR:1,LeaderRecoveryState:RECOVERED,LeaderEpoch:0,ZkVersion:0,ControllerEpoch:1),__consumer_offsets-0 -> (Leader:2,ISR:2,LeaderRecoveryState:RECOVERED,LeaderEpoch:0,ZkVersion:0,ControllerEpoch:1),add-product-0 -> (Leader:0,ISR:0,1,LeaderRecoveryState:RECOVERED,LeaderEpoch:1,ZkVersion:1,ControllerEpoch:1),__consumer_offsets-29 -> (Leader:0,ISR:0,LeaderRecoveryState:RECOVERED,LeaderEpoch:0,ZkVersion:0,ControllerEpoch:1),__consumer_offsets-25 -> (Leader:1,ISR:1,LeaderRecoveryState:RECOVERED,LeaderEpoch:0,ZkVersion:0,ControllerEpoch:1),__consumer_offsets-8 -> (Leader:0,ISR:0,LeaderRecoveryState:RECOVERED,LeaderEpoch:0,ZkVersion:0,ControllerEpoch:1),__consumer_offsets-37 -> (Leader:1,ISR:1,LeaderRecoveryState:RECOVERED,LeaderEpoch:0,ZkVersion:0,ControllerEpoch:1),__consumer_offsets-4 -> (Leader:1,ISR:1,LeaderRecoveryState:RECOVERED,LeaderEpoch:0,ZkVersion:0,ControllerEpoch:1),__consumer_offsets-33 -> (Leader:2,ISR:2,LeaderRecoveryState:RECOVERED,LeaderEpoch:0,ZkVersion:0,ControllerEpoch:1),__consumer_offsets-15 -> (Leader:2,ISR:2,LeaderRecoveryState:RECOVERED,LeaderEpoch:0,ZkVersion:0,ControllerEpoch:1),__consumer_offsets-48 -> (Leader:2,ISR:2,LeaderRecoveryState:RECOVERED,LeaderEpoch:0,ZkVersion:0,ControllerEpoch:1),__consumer_offsets-11 -> (Leader:0,ISR:0,LeaderRecoveryState:RECOVERED,LeaderEpoch:0,ZkVersion:0,ControllerEpoch:1),__consumer_offsets-44 -> (Leader:0,ISR:0,LeaderRecoveryState:RECOVERED,LeaderEpoch:0,ZkVersion:0,ControllerEpoch:1),__consumer_offsets-23 -> (Leader:0,ISR:0,LeaderRecoveryState:RECOVERED,LeaderEpoch:0,ZkVersion:0,ControllerEpoch:1),__consumer_offsets-19 -> (Leader:1,ISR:1,LeaderRecoveryState:RECOVERED,LeaderEpoch:0,ZkVersion:0,ControllerEpoch:1),__consumer_offsets-32 -> (Leader:0,ISR:0,LeaderRecoveryState:RECOVERED,LeaderEpoch:0,ZkVersion:0,ControllerEpoch:1),__consumer_offsets-28 -> (Leader:1,ISR:1,LeaderRecoveryState:RECOVERED,LeaderEpoch:0,ZkVersion:0,ControllerEpoch:1),__consumer_offsets-7 -> (Leader:1,ISR:1,LeaderRecoveryState:RECOVERED,LeaderEpoch:0,ZkVersion:0,ControllerEpoch:1),__consumer_offsets-40 -> (Leader:1,ISR:1,LeaderRecoveryState:RECOVERED,LeaderEpoch:0,ZkVersion:0,ControllerEpoch:1),__consumer_offsets-3 -> (Leader:2,ISR:2,LeaderRecoveryState:RECOVERED,LeaderEpoch:0,ZkVersion:0,ControllerEpoch:1),__consumer_offsets-36 -> (Leader:2,ISR:2,LeaderRecoveryState:RECOVERED,LeaderEpoch:0,ZkVersion:0,ControllerEpoch:1),__consumer_offsets-47 -> (Leader:0,ISR:0,LeaderRecoveryState:RECOVERED,LeaderEpoch:0,ZkVersion:0,ControllerEpoch:1),NovaSeele-1 -> (Leader:1,ISR:1,0,LeaderRecoveryState:RECOVERED,LeaderEpoch:1,ZkVersion:1,ControllerEpoch:1),__consumer_offsets-14 -> (Leader:0,ISR:0,LeaderRecoveryState:RECOVERED,LeaderEpoch:0,ZkVersion:0,ControllerEpoch:1),__consumer_offsets-43 -> (Leader:1,ISR:1,LeaderRecoveryState:RECOVERED,LeaderEpoch:0,ZkVersion:0,ControllerEpoch:1),__consumer_offsets-10 -> (Leader:1,ISR:1,LeaderRecoveryState:RECOVERED,LeaderEpoch:0,ZkVersion:0,ControllerEpoch:1),__consumer_offsets-22 -> (Leader:1,ISR:1,LeaderRecoveryState:RECOVERED,LeaderEpoch:0,ZkVersion:0,ControllerEpoch:1),add-order-1 -> (Leader:1,ISR:1,LeaderRecoveryState:RECOVERED,LeaderEpoch:0,ZkVersion:0,ControllerEpoch:1),__consumer_offsets-18 -> (Leader:2,ISR:2,LeaderRecoveryState:RECOVERED,LeaderEpoch:0,ZkVersion:0,ControllerEpoch:1),__consumer_offsets-31 -> (Leader:1,ISR:1,LeaderRecoveryState:RECOVERED,LeaderEpoch:0,ZkVersion:0,ControllerEpoch:1),__consumer_offsets-27 -> (Leader:2,ISR:2,LeaderRecoveryState:RECOVERED,LeaderEpoch:0,ZkVersion:0,ControllerEpoch:1),__consumer_offsets-39 -> (Leader:2,ISR:2,LeaderRecoveryState:RECOVERED,LeaderEpoch:0,ZkVersion:0,ControllerEpoch:1),__consumer_offsets-6 -> (Leader:2,ISR:2,LeaderRecoveryState:RECOVERED,LeaderEpoch:0,ZkVersion:0,ControllerEpoch:1),__consumer_offsets-35 -> (Leader:0,ISR:0,LeaderRecoveryState:RECOVERED,LeaderEpoch:0,ZkVersion:0,ControllerEpoch:1),__consumer_offsets-2 -> (Leader:0,ISR:0,LeaderRecoveryState:RECOVERED,LeaderEpoch:0,ZkVersion:0,ControllerEpoch:1) (kafka.controller.KafkaController)
[2023-11-15 23:58:22,189] WARN [RequestSendThread controllerId=0] Controller 0 epoch 1 fails to send request (type=StopReplicaRequest, controllerId=0, controllerEpoch=1, brokerEpoch=146, deletePartitions=false, topicStates=StopReplicaTopicState(topicName='NovaSeele', partitionStates=[StopReplicaPartitionState(partitionIndex=1, leaderEpoch=0, deletePartition=false)]),StopReplicaTopicState(topicName='add-product', partitionStates=[StopReplicaPartitionState(partitionIndex=1, leaderEpoch=0, deletePartition=false)]),StopReplicaTopicState(topicName='add-orders', partitionStates=[StopReplicaPartitionState(partitionIndex=1, leaderEpoch=0, deletePartition=false), StopReplicaPartitionState(partitionIndex=0, leaderEpoch=0, deletePartition=false)])) to broker NovaSeele:9094 (id: 2 rack: null). Reconnecting to broker. (kafka.controller.RequestSendThread)
java.io.IOException: Connection to 2 was disconnected before the response was read
	at org.apache.kafka.clients.NetworkClientUtils.sendAndReceive(NetworkClientUtils.java:99)
	at kafka.controller.RequestSendThread.doWork(ControllerChannelManager.scala:258)
	at org.apache.kafka.server.util.ShutdownableThread.run(ShutdownableThread.java:130)
[2023-11-15 23:58:22,601] INFO [ControllerEventThread controllerId=2] Shutting down (kafka.controller.ControllerEventManager$ControllerEventThread)
[2023-11-15 23:58:22,603] INFO [ControllerEventThread controllerId=2] Stopped (kafka.controller.ControllerEventManager$ControllerEventThread)
[2023-11-15 23:58:22,603] INFO [ControllerEventThread controllerId=2] Shutdown completed (kafka.controller.ControllerEventManager$ControllerEventThread)
[2023-11-15 23:58:22,604] DEBUG [Controller id=2] Resigning (kafka.controller.KafkaController)
[2023-11-15 23:58:22,605] DEBUG [Controller id=2] Unregister BrokerModifications handler for Set() (kafka.controller.KafkaController)
[2023-11-15 23:58:22,606] INFO [PartitionStateMachine controllerId=2] Stopped partition state machine (kafka.controller.ZkPartitionStateMachine)
[2023-11-15 23:58:22,607] INFO [ReplicaStateMachine controllerId=2] Stopped replica state machine (kafka.controller.ZkReplicaStateMachine)
[2023-11-15 23:58:22,609] INFO [Controller id=2] Resigned (kafka.controller.KafkaController)
[2023-11-15 23:58:22,632] INFO [Controller id=0] Newly added brokers: , deleted brokers: 2, bounced brokers: , all live brokers: 0,1 (kafka.controller.KafkaController)
[2023-11-15 23:58:22,634] INFO [RequestSendThread controllerId=0] Shutting down (kafka.controller.RequestSendThread)
[2023-11-15 23:58:22,635] WARN [RequestSendThread controllerId=0] Controller 0's connection to broker NovaSeele:9094 (id: 2 rack: null) was unsuccessful (kafka.controller.RequestSendThread)
org.apache.kafka.common.errors.DisconnectException: NetworkClient is no longer active, state is CLOSING
[2023-11-15 23:58:22,637] WARN [RequestSendThread controllerId=0] Controller 0 epoch 1 fails to send request (type=StopReplicaRequest, controllerId=0, controllerEpoch=1, brokerEpoch=146, deletePartitions=false, topicStates=StopReplicaTopicState(topicName='NovaSeele', partitionStates=[StopReplicaPartitionState(partitionIndex=1, leaderEpoch=0, deletePartition=false)]),StopReplicaTopicState(topicName='add-product', partitionStates=[StopReplicaPartitionState(partitionIndex=1, leaderEpoch=0, deletePartition=false)]),StopReplicaTopicState(topicName='add-orders', partitionStates=[StopReplicaPartitionState(partitionIndex=1, leaderEpoch=0, deletePartition=false), StopReplicaPartitionState(partitionIndex=0, leaderEpoch=0, deletePartition=false)])) to broker NovaSeele:9094 (id: 2 rack: null). Reconnecting to broker. (kafka.controller.RequestSendThread)
java.lang.InterruptedException
	at java.util.concurrent.locks.AbstractQueuedSynchronizer.tryAcquireSharedNanos(Unknown Source)
	at java.util.concurrent.CountDownLatch.await(Unknown Source)
	at org.apache.kafka.server.util.ShutdownableThread.pause(ShutdownableThread.java:116)
	at kafka.controller.RequestSendThread.doWork(ControllerChannelManager.scala:239)
	at org.apache.kafka.server.util.ShutdownableThread.run(ShutdownableThread.java:130)
[2023-11-15 23:58:22,639] TRACE [RequestSendThread controllerId=0] shutdownInitiated latch count reached zero. Shutdown called. (kafka.controller.RequestSendThread)
[2023-11-15 23:58:22,639] INFO [RequestSendThread controllerId=0] Stopped (kafka.controller.RequestSendThread)
[2023-11-15 23:58:22,639] INFO [RequestSendThread controllerId=0] Shutdown completed (kafka.controller.RequestSendThread)
[2023-11-15 23:58:22,646] INFO [Controller id=0] Broker failure callback for 2 (kafka.controller.KafkaController)
[2023-11-15 23:58:22,647] INFO [Controller id=0] Removed 2 from list of shutting down brokers. (kafka.controller.KafkaController)
[2023-11-15 23:58:22,740] DEBUG [Controller id=0] Unregister BrokerModifications handler for List(2) (kafka.controller.KafkaController)
[2023-11-15 23:58:22,742] INFO [Controller id=0] Updated broker epochs cache: HashMap(0 -> 25, 1 -> 45) (kafka.controller.KafkaController)
[2023-11-15 23:59:10,760] INFO [Controller id=0] Shutting down broker 1 (kafka.controller.KafkaController)
[2023-11-15 23:59:10,761] DEBUG [Controller id=0] All shutting down brokers: 1 (kafka.controller.KafkaController)
[2023-11-15 23:59:10,761] DEBUG [Controller id=0] Live brokers: 0 (kafka.controller.KafkaController)
[2023-11-15 23:59:10,784] TRACE [Controller id=0] All leaders = __consumer_offsets-13 -> (Leader:1,ISR:1,LeaderRecoveryState:RECOVERED,LeaderEpoch:0,ZkVersion:0,ControllerEpoch:1),__consumer_offsets-46 -> (Leader:1,ISR:1,LeaderRecoveryState:RECOVERED,LeaderEpoch:0,ZkVersion:0,ControllerEpoch:1),NovaSeele-0 -> (Leader:0,ISR:0,LeaderRecoveryState:RECOVERED,LeaderEpoch:2,ZkVersion:2,ControllerEpoch:1),__consumer_offsets-9 -> (Leader:-1,ISR:2,LeaderRecoveryState:RECOVERED,LeaderEpoch:1,ZkVersion:1,ControllerEpoch:1),__consumer_offsets-42 -> (Leader:-1,ISR:2,LeaderRecoveryState:RECOVERED,LeaderEpoch:1,ZkVersion:1,ControllerEpoch:1),__consumer_offsets-21 -> (Leader:-1,ISR:2,LeaderRecoveryState:RECOVERED,LeaderEpoch:1,ZkVersion:1,ControllerEpoch:1),add-order-0 -> (Leader:-1,ISR:2,LeaderRecoveryState:RECOVERED,LeaderEpoch:1,ZkVersion:1,ControllerEpoch:1),__consumer_offsets-17 -> (Leader:0,ISR:0,LeaderRecoveryState:RECOVERED,LeaderEpoch:0,ZkVersion:0,ControllerEpoch:1),add-orders-0 -> (Leader:0,ISR:0,LeaderRecoveryState:RECOVERED,LeaderEpoch:2,ZkVersion:2,ControllerEpoch:1),__consumer_offsets-30 -> (Leader:-1,ISR:2,LeaderRecoveryState:RECOVERED,LeaderEpoch:1,ZkVersion:1,ControllerEpoch:1),add-product-1 -> (Leader:0,ISR:0,LeaderRecoveryState:RECOVERED,LeaderEpoch:2,ZkVersion:2,ControllerEpoch:1),__consumer_offsets-26 -> (Leader:0,ISR:0,LeaderRecoveryState:RECOVERED,LeaderEpoch:0,ZkVersion:0,ControllerEpoch:1),__consumer_offsets-5 -> (Leader:0,ISR:0,LeaderRecoveryState:RECOVERED,LeaderEpoch:0,ZkVersion:0,ControllerEpoch:1),__consumer_offsets-38 -> (Leader:0,ISR:0,LeaderRecoveryState:RECOVERED,LeaderEpoch:0,ZkVersion:0,ControllerEpoch:1),__consumer_offsets-1 -> (Leader:1,ISR:1,LeaderRecoveryState:RECOVERED,LeaderEpoch:0,ZkVersion:0,ControllerEpoch:1),__consumer_offsets-34 -> (Leader:1,ISR:1,LeaderRecoveryState:RECOVERED,LeaderEpoch:0,ZkVersion:0,ControllerEpoch:1),__consumer_offsets-16 -> (Leader:1,ISR:1,LeaderRecoveryState:RECOVERED,LeaderEpoch:0,ZkVersion:0,ControllerEpoch:1),__consumer_offsets-45 -> (Leader:-1,ISR:2,LeaderRecoveryState:RECOVERED,LeaderEpoch:1,ZkVersion:1,ControllerEpoch:1),__consumer_offsets-12 -> (Leader:-1,ISR:2,LeaderRecoveryState:RECOVERED,LeaderEpoch:1,ZkVersion:1,ControllerEpoch:1),__consumer_offsets-41 -> (Leader:0,ISR:0,LeaderRecoveryState:RECOVERED,LeaderEpoch:0,ZkVersion:0,ControllerEpoch:1),__consumer_offsets-24 -> (Leader:-1,ISR:2,LeaderRecoveryState:RECOVERED,LeaderEpoch:1,ZkVersion:1,ControllerEpoch:1),__consumer_offsets-20 -> (Leader:0,ISR:0,LeaderRecoveryState:RECOVERED,LeaderEpoch:0,ZkVersion:0,ControllerEpoch:1),add-orders-1 -> (Leader:0,ISR:0,LeaderRecoveryState:RECOVERED,LeaderEpoch:2,ZkVersion:2,ControllerEpoch:1),__consumer_offsets-49 -> (Leader:1,ISR:1,LeaderRecoveryState:RECOVERED,LeaderEpoch:0,ZkVersion:0,ControllerEpoch:1),__consumer_offsets-0 -> (Leader:-1,ISR:2,LeaderRecoveryState:RECOVERED,LeaderEpoch:1,ZkVersion:1,ControllerEpoch:1),add-product-0 -> (Leader:0,ISR:0,LeaderRecoveryState:RECOVERED,LeaderEpoch:2,ZkVersion:2,ControllerEpoch:1),__consumer_offsets-29 -> (Leader:0,ISR:0,LeaderRecoveryState:RECOVERED,LeaderEpoch:0,ZkVersion:0,ControllerEpoch:1),__consumer_offsets-25 -> (Leader:1,ISR:1,LeaderRecoveryState:RECOVERED,LeaderEpoch:0,ZkVersion:0,ControllerEpoch:1),__consumer_offsets-8 -> (Leader:0,ISR:0,LeaderRecoveryState:RECOVERED,LeaderEpoch:0,ZkVersion:0,ControllerEpoch:1),__consumer_offsets-37 -> (Leader:1,ISR:1,LeaderRecoveryState:RECOVERED,LeaderEpoch:0,ZkVersion:0,ControllerEpoch:1),__consumer_offsets-4 -> (Leader:1,ISR:1,LeaderRecoveryState:RECOVERED,LeaderEpoch:0,ZkVersion:0,ControllerEpoch:1),__consumer_offsets-33 -> (Leader:-1,ISR:2,LeaderRecoveryState:RECOVERED,LeaderEpoch:1,ZkVersion:1,ControllerEpoch:1),__consumer_offsets-15 -> (Leader:-1,ISR:2,LeaderRecoveryState:RECOVERED,LeaderEpoch:1,ZkVersion:1,ControllerEpoch:1),__consumer_offsets-48 -> (Leader:-1,ISR:2,LeaderRecoveryState:RECOVERED,LeaderEpoch:1,ZkVersion:1,ControllerEpoch:1),__consumer_offsets-11 -> (Leader:0,ISR:0,LeaderRecoveryState:RECOVERED,LeaderEpoch:0,ZkVersion:0,ControllerEpoch:1),__consumer_offsets-44 -> (Leader:0,ISR:0,LeaderRecoveryState:RECOVERED,LeaderEpoch:0,ZkVersion:0,ControllerEpoch:1),__consumer_offsets-23 -> (Leader:0,ISR:0,LeaderRecoveryState:RECOVERED,LeaderEpoch:0,ZkVersion:0,ControllerEpoch:1),__consumer_offsets-19 -> (Leader:1,ISR:1,LeaderRecoveryState:RECOVERED,LeaderEpoch:0,ZkVersion:0,ControllerEpoch:1),__consumer_offsets-32 -> (Leader:0,ISR:0,LeaderRecoveryState:RECOVERED,LeaderEpoch:0,ZkVersion:0,ControllerEpoch:1),__consumer_offsets-28 -> (Leader:1,ISR:1,LeaderRecoveryState:RECOVERED,LeaderEpoch:0,ZkVersion:0,ControllerEpoch:1),__consumer_offsets-7 -> (Leader:1,ISR:1,LeaderRecoveryState:RECOVERED,LeaderEpoch:0,ZkVersion:0,ControllerEpoch:1),__consumer_offsets-40 -> (Leader:1,ISR:1,LeaderRecoveryState:RECOVERED,LeaderEpoch:0,ZkVersion:0,ControllerEpoch:1),__consumer_offsets-3 -> (Leader:-1,ISR:2,LeaderRecoveryState:RECOVERED,LeaderEpoch:1,ZkVersion:1,ControllerEpoch:1),__consumer_offsets-36 -> (Leader:-1,ISR:2,LeaderRecoveryState:RECOVERED,LeaderEpoch:1,ZkVersion:1,ControllerEpoch:1),__consumer_offsets-47 -> (Leader:0,ISR:0,LeaderRecoveryState:RECOVERED,LeaderEpoch:0,ZkVersion:0,ControllerEpoch:1),NovaSeele-1 -> (Leader:0,ISR:0,LeaderRecoveryState:RECOVERED,LeaderEpoch:2,ZkVersion:2,ControllerEpoch:1),__consumer_offsets-14 -> (Leader:0,ISR:0,LeaderRecoveryState:RECOVERED,LeaderEpoch:0,ZkVersion:0,ControllerEpoch:1),__consumer_offsets-43 -> (Leader:1,ISR:1,LeaderRecoveryState:RECOVERED,LeaderEpoch:0,ZkVersion:0,ControllerEpoch:1),__consumer_offsets-10 -> (Leader:1,ISR:1,LeaderRecoveryState:RECOVERED,LeaderEpoch:0,ZkVersion:0,ControllerEpoch:1),__consumer_offsets-22 -> (Leader:1,ISR:1,LeaderRecoveryState:RECOVERED,LeaderEpoch:0,ZkVersion:0,ControllerEpoch:1),add-order-1 -> (Leader:1,ISR:1,LeaderRecoveryState:RECOVERED,LeaderEpoch:0,ZkVersion:0,ControllerEpoch:1),__consumer_offsets-18 -> (Leader:-1,ISR:2,LeaderRecoveryState:RECOVERED,LeaderEpoch:1,ZkVersion:1,ControllerEpoch:1),__consumer_offsets-31 -> (Leader:1,ISR:1,LeaderRecoveryState:RECOVERED,LeaderEpoch:0,ZkVersion:0,ControllerEpoch:1),__consumer_offsets-27 -> (Leader:-1,ISR:2,LeaderRecoveryState:RECOVERED,LeaderEpoch:1,ZkVersion:1,ControllerEpoch:1),__consumer_offsets-39 -> (Leader:-1,ISR:2,LeaderRecoveryState:RECOVERED,LeaderEpoch:1,ZkVersion:1,ControllerEpoch:1),__consumer_offsets-6 -> (Leader:-1,ISR:2,LeaderRecoveryState:RECOVERED,LeaderEpoch:1,ZkVersion:1,ControllerEpoch:1),__consumer_offsets-35 -> (Leader:0,ISR:0,LeaderRecoveryState:RECOVERED,LeaderEpoch:0,ZkVersion:0,ControllerEpoch:1),__consumer_offsets-2 -> (Leader:0,ISR:0,LeaderRecoveryState:RECOVERED,LeaderEpoch:0,ZkVersion:0,ControllerEpoch:1) (kafka.controller.KafkaController)
[2023-11-15 23:59:10,810] WARN [RequestSendThread controllerId=0] Controller 0 epoch 1 fails to send request (type=StopReplicaRequest, controllerId=0, controllerEpoch=1, brokerEpoch=45, deletePartitions=false, topicStates=StopReplicaTopicState(topicName='add-product', partitionStates=[StopReplicaPartitionState(partitionIndex=0, leaderEpoch=1, deletePartition=false)]),StopReplicaTopicState(topicName='add-orders', partitionStates=[StopReplicaPartitionState(partitionIndex=1, leaderEpoch=1, deletePartition=false)])) to broker NovaSeele:9093 (id: 1 rack: null). Reconnecting to broker. (kafka.controller.RequestSendThread)
java.io.IOException: Connection to 1 was disconnected before the response was read
	at org.apache.kafka.clients.NetworkClientUtils.sendAndReceive(NetworkClientUtils.java:99)
	at kafka.controller.RequestSendThread.doWork(ControllerChannelManager.scala:258)
	at org.apache.kafka.server.util.ShutdownableThread.run(ShutdownableThread.java:130)
[2023-11-15 23:59:11,118] INFO [ControllerEventThread controllerId=1] Shutting down (kafka.controller.ControllerEventManager$ControllerEventThread)
[2023-11-15 23:59:11,120] INFO [ControllerEventThread controllerId=1] Stopped (kafka.controller.ControllerEventManager$ControllerEventThread)
[2023-11-15 23:59:11,120] INFO [ControllerEventThread controllerId=1] Shutdown completed (kafka.controller.ControllerEventManager$ControllerEventThread)
[2023-11-15 23:59:11,121] DEBUG [Controller id=1] Resigning (kafka.controller.KafkaController)
[2023-11-15 23:59:11,122] DEBUG [Controller id=1] Unregister BrokerModifications handler for Set() (kafka.controller.KafkaController)
[2023-11-15 23:59:11,123] INFO [PartitionStateMachine controllerId=1] Stopped partition state machine (kafka.controller.ZkPartitionStateMachine)
[2023-11-15 23:59:11,124] INFO [ReplicaStateMachine controllerId=1] Stopped replica state machine (kafka.controller.ZkReplicaStateMachine)
[2023-11-15 23:59:11,125] INFO [Controller id=1] Resigned (kafka.controller.KafkaController)
[2023-11-15 23:59:11,138] INFO [Controller id=0] Newly added brokers: , deleted brokers: 1, bounced brokers: , all live brokers: 0 (kafka.controller.KafkaController)
[2023-11-15 23:59:11,140] INFO [RequestSendThread controllerId=0] Shutting down (kafka.controller.RequestSendThread)
[2023-11-15 23:59:11,140] WARN [RequestSendThread controllerId=0] Controller 0's connection to broker NovaSeele:9093 (id: 1 rack: null) was unsuccessful (kafka.controller.RequestSendThread)
org.apache.kafka.common.errors.DisconnectException: NetworkClient is no longer active, state is CLOSING
[2023-11-15 23:59:11,141] WARN [RequestSendThread controllerId=0] Controller 0 epoch 1 fails to send request (type=StopReplicaRequest, controllerId=0, controllerEpoch=1, brokerEpoch=45, deletePartitions=false, topicStates=StopReplicaTopicState(topicName='add-product', partitionStates=[StopReplicaPartitionState(partitionIndex=0, leaderEpoch=1, deletePartition=false)]),StopReplicaTopicState(topicName='add-orders', partitionStates=[StopReplicaPartitionState(partitionIndex=1, leaderEpoch=1, deletePartition=false)])) to broker NovaSeele:9093 (id: 1 rack: null). Reconnecting to broker. (kafka.controller.RequestSendThread)
java.lang.InterruptedException
	at java.util.concurrent.locks.AbstractQueuedSynchronizer.tryAcquireSharedNanos(Unknown Source)
	at java.util.concurrent.CountDownLatch.await(Unknown Source)
	at org.apache.kafka.server.util.ShutdownableThread.pause(ShutdownableThread.java:116)
	at kafka.controller.RequestSendThread.doWork(ControllerChannelManager.scala:239)
	at org.apache.kafka.server.util.ShutdownableThread.run(ShutdownableThread.java:130)
[2023-11-15 23:59:11,142] TRACE [RequestSendThread controllerId=0] shutdownInitiated latch count reached zero. Shutdown called. (kafka.controller.RequestSendThread)
[2023-11-15 23:59:11,142] INFO [RequestSendThread controllerId=0] Stopped (kafka.controller.RequestSendThread)
[2023-11-15 23:59:11,142] INFO [RequestSendThread controllerId=0] Shutdown completed (kafka.controller.RequestSendThread)
[2023-11-15 23:59:11,145] INFO [Controller id=0] Broker failure callback for 1 (kafka.controller.KafkaController)
[2023-11-15 23:59:11,145] INFO [Controller id=0] Removed 1 from list of shutting down brokers. (kafka.controller.KafkaController)
[2023-11-15 23:59:11,220] DEBUG [Controller id=0] Unregister BrokerModifications handler for List(1) (kafka.controller.KafkaController)
[2023-11-15 23:59:11,220] INFO [Controller id=0] Updated broker epochs cache: HashMap(0 -> 25) (kafka.controller.KafkaController)
[2023-11-15 23:59:16,951] INFO [Controller id=0] Shutting down broker 0 (kafka.controller.KafkaController)
[2023-11-15 23:59:16,951] DEBUG [Controller id=0] All shutting down brokers: 0 (kafka.controller.KafkaController)
[2023-11-15 23:59:16,951] DEBUG [Controller id=0] Live brokers:  (kafka.controller.KafkaController)
[2023-11-15 23:59:16,957] TRACE [Controller id=0] All leaders = __consumer_offsets-13 -> (Leader:-1,ISR:1,LeaderRecoveryState:RECOVERED,LeaderEpoch:1,ZkVersion:1,ControllerEpoch:1),__consumer_offsets-46 -> (Leader:-1,ISR:1,LeaderRecoveryState:RECOVERED,LeaderEpoch:1,ZkVersion:1,ControllerEpoch:1),NovaSeele-0 -> (Leader:0,ISR:0,LeaderRecoveryState:RECOVERED,LeaderEpoch:2,ZkVersion:2,ControllerEpoch:1),__consumer_offsets-9 -> (Leader:-1,ISR:2,LeaderRecoveryState:RECOVERED,LeaderEpoch:1,ZkVersion:1,ControllerEpoch:1),__consumer_offsets-42 -> (Leader:-1,ISR:2,LeaderRecoveryState:RECOVERED,LeaderEpoch:1,ZkVersion:1,ControllerEpoch:1),__consumer_offsets-21 -> (Leader:-1,ISR:2,LeaderRecoveryState:RECOVERED,LeaderEpoch:1,ZkVersion:1,ControllerEpoch:1),add-order-0 -> (Leader:-1,ISR:2,LeaderRecoveryState:RECOVERED,LeaderEpoch:1,ZkVersion:1,ControllerEpoch:1),__consumer_offsets-17 -> (Leader:0,ISR:0,LeaderRecoveryState:RECOVERED,LeaderEpoch:0,ZkVersion:0,ControllerEpoch:1),add-orders-0 -> (Leader:0,ISR:0,LeaderRecoveryState:RECOVERED,LeaderEpoch:2,ZkVersion:2,ControllerEpoch:1),__consumer_offsets-30 -> (Leader:-1,ISR:2,LeaderRecoveryState:RECOVERED,LeaderEpoch:1,ZkVersion:1,ControllerEpoch:1),add-product-1 -> (Leader:0,ISR:0,LeaderRecoveryState:RECOVERED,LeaderEpoch:2,ZkVersion:2,ControllerEpoch:1),__consumer_offsets-26 -> (Leader:0,ISR:0,LeaderRecoveryState:RECOVERED,LeaderEpoch:0,ZkVersion:0,ControllerEpoch:1),__consumer_offsets-5 -> (Leader:0,ISR:0,LeaderRecoveryState:RECOVERED,LeaderEpoch:0,ZkVersion:0,ControllerEpoch:1),__consumer_offsets-38 -> (Leader:0,ISR:0,LeaderRecoveryState:RECOVERED,LeaderEpoch:0,ZkVersion:0,ControllerEpoch:1),__consumer_offsets-1 -> (Leader:-1,ISR:1,LeaderRecoveryState:RECOVERED,LeaderEpoch:1,ZkVersion:1,ControllerEpoch:1),__consumer_offsets-34 -> (Leader:-1,ISR:1,LeaderRecoveryState:RECOVERED,LeaderEpoch:1,ZkVersion:1,ControllerEpoch:1),__consumer_offsets-16 -> (Leader:-1,ISR:1,LeaderRecoveryState:RECOVERED,LeaderEpoch:1,ZkVersion:1,ControllerEpoch:1),__consumer_offsets-45 -> (Leader:-1,ISR:2,LeaderRecoveryState:RECOVERED,LeaderEpoch:1,ZkVersion:1,ControllerEpoch:1),__consumer_offsets-12 -> (Leader:-1,ISR:2,LeaderRecoveryState:RECOVERED,LeaderEpoch:1,ZkVersion:1,ControllerEpoch:1),__consumer_offsets-41 -> (Leader:0,ISR:0,LeaderRecoveryState:RECOVERED,LeaderEpoch:0,ZkVersion:0,ControllerEpoch:1),__consumer_offsets-24 -> (Leader:-1,ISR:2,LeaderRecoveryState:RECOVERED,LeaderEpoch:1,ZkVersion:1,ControllerEpoch:1),__consumer_offsets-20 -> (Leader:0,ISR:0,LeaderRecoveryState:RECOVERED,LeaderEpoch:0,ZkVersion:0,ControllerEpoch:1),add-orders-1 -> (Leader:0,ISR:0,LeaderRecoveryState:RECOVERED,LeaderEpoch:2,ZkVersion:2,ControllerEpoch:1),__consumer_offsets-49 -> (Leader:-1,ISR:1,LeaderRecoveryState:RECOVERED,LeaderEpoch:1,ZkVersion:1,ControllerEpoch:1),__consumer_offsets-0 -> (Leader:-1,ISR:2,LeaderRecoveryState:RECOVERED,LeaderEpoch:1,ZkVersion:1,ControllerEpoch:1),add-product-0 -> (Leader:0,ISR:0,LeaderRecoveryState:RECOVERED,LeaderEpoch:2,ZkVersion:2,ControllerEpoch:1),__consumer_offsets-29 -> (Leader:0,ISR:0,LeaderRecoveryState:RECOVERED,LeaderEpoch:0,ZkVersion:0,ControllerEpoch:1),__consumer_offsets-25 -> (Leader:-1,ISR:1,LeaderRecoveryState:RECOVERED,LeaderEpoch:1,ZkVersion:1,ControllerEpoch:1),__consumer_offsets-8 -> (Leader:0,ISR:0,LeaderRecoveryState:RECOVERED,LeaderEpoch:0,ZkVersion:0,ControllerEpoch:1),__consumer_offsets-37 -> (Leader:-1,ISR:1,LeaderRecoveryState:RECOVERED,LeaderEpoch:1,ZkVersion:1,ControllerEpoch:1),__consumer_offsets-4 -> (Leader:-1,ISR:1,LeaderRecoveryState:RECOVERED,LeaderEpoch:1,ZkVersion:1,ControllerEpoch:1),__consumer_offsets-33 -> (Leader:-1,ISR:2,LeaderRecoveryState:RECOVERED,LeaderEpoch:1,ZkVersion:1,ControllerEpoch:1),__consumer_offsets-15 -> (Leader:-1,ISR:2,LeaderRecoveryState:RECOVERED,LeaderEpoch:1,ZkVersion:1,ControllerEpoch:1),__consumer_offsets-48 -> (Leader:-1,ISR:2,LeaderRecoveryState:RECOVERED,LeaderEpoch:1,ZkVersion:1,ControllerEpoch:1),__consumer_offsets-11 -> (Leader:0,ISR:0,LeaderRecoveryState:RECOVERED,LeaderEpoch:0,ZkVersion:0,ControllerEpoch:1),__consumer_offsets-44 -> (Leader:0,ISR:0,LeaderRecoveryState:RECOVERED,LeaderEpoch:0,ZkVersion:0,ControllerEpoch:1),__consumer_offsets-23 -> (Leader:0,ISR:0,LeaderRecoveryState:RECOVERED,LeaderEpoch:0,ZkVersion:0,ControllerEpoch:1),__consumer_offsets-19 -> (Leader:-1,ISR:1,LeaderRecoveryState:RECOVERED,LeaderEpoch:1,ZkVersion:1,ControllerEpoch:1),__consumer_offsets-32 -> (Leader:0,ISR:0,LeaderRecoveryState:RECOVERED,LeaderEpoch:0,ZkVersion:0,ControllerEpoch:1),__consumer_offsets-28 -> (Leader:-1,ISR:1,LeaderRecoveryState:RECOVERED,LeaderEpoch:1,ZkVersion:1,ControllerEpoch:1),__consumer_offsets-7 -> (Leader:-1,ISR:1,LeaderRecoveryState:RECOVERED,LeaderEpoch:1,ZkVersion:1,ControllerEpoch:1),__consumer_offsets-40 -> (Leader:-1,ISR:1,LeaderRecoveryState:RECOVERED,LeaderEpoch:1,ZkVersion:1,ControllerEpoch:1),__consumer_offsets-3 -> (Leader:-1,ISR:2,LeaderRecoveryState:RECOVERED,LeaderEpoch:1,ZkVersion:1,ControllerEpoch:1),__consumer_offsets-36 -> (Leader:-1,ISR:2,LeaderRecoveryState:RECOVERED,LeaderEpoch:1,ZkVersion:1,ControllerEpoch:1),__consumer_offsets-47 -> (Leader:0,ISR:0,LeaderRecoveryState:RECOVERED,LeaderEpoch:0,ZkVersion:0,ControllerEpoch:1),NovaSeele-1 -> (Leader:0,ISR:0,LeaderRecoveryState:RECOVERED,LeaderEpoch:2,ZkVersion:2,ControllerEpoch:1),__consumer_offsets-14 -> (Leader:0,ISR:0,LeaderRecoveryState:RECOVERED,LeaderEpoch:0,ZkVersion:0,ControllerEpoch:1),__consumer_offsets-43 -> (Leader:-1,ISR:1,LeaderRecoveryState:RECOVERED,LeaderEpoch:1,ZkVersion:1,ControllerEpoch:1),__consumer_offsets-10 -> (Leader:-1,ISR:1,LeaderRecoveryState:RECOVERED,LeaderEpoch:1,ZkVersion:1,ControllerEpoch:1),__consumer_offsets-22 -> (Leader:-1,ISR:1,LeaderRecoveryState:RECOVERED,LeaderEpoch:1,ZkVersion:1,ControllerEpoch:1),add-order-1 -> (Leader:-1,ISR:1,LeaderRecoveryState:RECOVERED,LeaderEpoch:1,ZkVersion:1,ControllerEpoch:1),__consumer_offsets-18 -> (Leader:-1,ISR:2,LeaderRecoveryState:RECOVERED,LeaderEpoch:1,ZkVersion:1,ControllerEpoch:1),__consumer_offsets-31 -> (Leader:-1,ISR:1,LeaderRecoveryState:RECOVERED,LeaderEpoch:1,ZkVersion:1,ControllerEpoch:1),__consumer_offsets-27 -> (Leader:-1,ISR:2,LeaderRecoveryState:RECOVERED,LeaderEpoch:1,ZkVersion:1,ControllerEpoch:1),__consumer_offsets-39 -> (Leader:-1,ISR:2,LeaderRecoveryState:RECOVERED,LeaderEpoch:1,ZkVersion:1,ControllerEpoch:1),__consumer_offsets-6 -> (Leader:-1,ISR:2,LeaderRecoveryState:RECOVERED,LeaderEpoch:1,ZkVersion:1,ControllerEpoch:1),__consumer_offsets-35 -> (Leader:0,ISR:0,LeaderRecoveryState:RECOVERED,LeaderEpoch:0,ZkVersion:0,ControllerEpoch:1),__consumer_offsets-2 -> (Leader:0,ISR:0,LeaderRecoveryState:RECOVERED,LeaderEpoch:0,ZkVersion:0,ControllerEpoch:1) (kafka.controller.KafkaController)
[2023-11-15 23:59:21,973] INFO [Controller id=0] Shutting down broker 0 (kafka.controller.KafkaController)
[2023-11-15 23:59:21,975] DEBUG [Controller id=0] All shutting down brokers: 0 (kafka.controller.KafkaController)
[2023-11-15 23:59:21,975] DEBUG [Controller id=0] Live brokers:  (kafka.controller.KafkaController)
[2023-11-15 23:59:21,980] TRACE [Controller id=0] All leaders = __consumer_offsets-13 -> (Leader:-1,ISR:1,LeaderRecoveryState:RECOVERED,LeaderEpoch:1,ZkVersion:1,ControllerEpoch:1),__consumer_offsets-46 -> (Leader:-1,ISR:1,LeaderRecoveryState:RECOVERED,LeaderEpoch:1,ZkVersion:1,ControllerEpoch:1),NovaSeele-0 -> (Leader:0,ISR:0,LeaderRecoveryState:RECOVERED,LeaderEpoch:2,ZkVersion:2,ControllerEpoch:1),__consumer_offsets-9 -> (Leader:-1,ISR:2,LeaderRecoveryState:RECOVERED,LeaderEpoch:1,ZkVersion:1,ControllerEpoch:1),__consumer_offsets-42 -> (Leader:-1,ISR:2,LeaderRecoveryState:RECOVERED,LeaderEpoch:1,ZkVersion:1,ControllerEpoch:1),__consumer_offsets-21 -> (Leader:-1,ISR:2,LeaderRecoveryState:RECOVERED,LeaderEpoch:1,ZkVersion:1,ControllerEpoch:1),add-order-0 -> (Leader:-1,ISR:2,LeaderRecoveryState:RECOVERED,LeaderEpoch:1,ZkVersion:1,ControllerEpoch:1),__consumer_offsets-17 -> (Leader:0,ISR:0,LeaderRecoveryState:RECOVERED,LeaderEpoch:0,ZkVersion:0,ControllerEpoch:1),add-orders-0 -> (Leader:0,ISR:0,LeaderRecoveryState:RECOVERED,LeaderEpoch:2,ZkVersion:2,ControllerEpoch:1),__consumer_offsets-30 -> (Leader:-1,ISR:2,LeaderRecoveryState:RECOVERED,LeaderEpoch:1,ZkVersion:1,ControllerEpoch:1),add-product-1 -> (Leader:0,ISR:0,LeaderRecoveryState:RECOVERED,LeaderEpoch:2,ZkVersion:2,ControllerEpoch:1),__consumer_offsets-26 -> (Leader:0,ISR:0,LeaderRecoveryState:RECOVERED,LeaderEpoch:0,ZkVersion:0,ControllerEpoch:1),__consumer_offsets-5 -> (Leader:0,ISR:0,LeaderRecoveryState:RECOVERED,LeaderEpoch:0,ZkVersion:0,ControllerEpoch:1),__consumer_offsets-38 -> (Leader:0,ISR:0,LeaderRecoveryState:RECOVERED,LeaderEpoch:0,ZkVersion:0,ControllerEpoch:1),__consumer_offsets-1 -> (Leader:-1,ISR:1,LeaderRecoveryState:RECOVERED,LeaderEpoch:1,ZkVersion:1,ControllerEpoch:1),__consumer_offsets-34 -> (Leader:-1,ISR:1,LeaderRecoveryState:RECOVERED,LeaderEpoch:1,ZkVersion:1,ControllerEpoch:1),__consumer_offsets-16 -> (Leader:-1,ISR:1,LeaderRecoveryState:RECOVERED,LeaderEpoch:1,ZkVersion:1,ControllerEpoch:1),__consumer_offsets-45 -> (Leader:-1,ISR:2,LeaderRecoveryState:RECOVERED,LeaderEpoch:1,ZkVersion:1,ControllerEpoch:1),__consumer_offsets-12 -> (Leader:-1,ISR:2,LeaderRecoveryState:RECOVERED,LeaderEpoch:1,ZkVersion:1,ControllerEpoch:1),__consumer_offsets-41 -> (Leader:0,ISR:0,LeaderRecoveryState:RECOVERED,LeaderEpoch:0,ZkVersion:0,ControllerEpoch:1),__consumer_offsets-24 -> (Leader:-1,ISR:2,LeaderRecoveryState:RECOVERED,LeaderEpoch:1,ZkVersion:1,ControllerEpoch:1),__consumer_offsets-20 -> (Leader:0,ISR:0,LeaderRecoveryState:RECOVERED,LeaderEpoch:0,ZkVersion:0,ControllerEpoch:1),add-orders-1 -> (Leader:0,ISR:0,LeaderRecoveryState:RECOVERED,LeaderEpoch:2,ZkVersion:2,ControllerEpoch:1),__consumer_offsets-49 -> (Leader:-1,ISR:1,LeaderRecoveryState:RECOVERED,LeaderEpoch:1,ZkVersion:1,ControllerEpoch:1),__consumer_offsets-0 -> (Leader:-1,ISR:2,LeaderRecoveryState:RECOVERED,LeaderEpoch:1,ZkVersion:1,ControllerEpoch:1),add-product-0 -> (Leader:0,ISR:0,LeaderRecoveryState:RECOVERED,LeaderEpoch:2,ZkVersion:2,ControllerEpoch:1),__consumer_offsets-29 -> (Leader:0,ISR:0,LeaderRecoveryState:RECOVERED,LeaderEpoch:0,ZkVersion:0,ControllerEpoch:1),__consumer_offsets-25 -> (Leader:-1,ISR:1,LeaderRecoveryState:RECOVERED,LeaderEpoch:1,ZkVersion:1,ControllerEpoch:1),__consumer_offsets-8 -> (Leader:0,ISR:0,LeaderRecoveryState:RECOVERED,LeaderEpoch:0,ZkVersion:0,ControllerEpoch:1),__consumer_offsets-37 -> (Leader:-1,ISR:1,LeaderRecoveryState:RECOVERED,LeaderEpoch:1,ZkVersion:1,ControllerEpoch:1),__consumer_offsets-4 -> (Leader:-1,ISR:1,LeaderRecoveryState:RECOVERED,LeaderEpoch:1,ZkVersion:1,ControllerEpoch:1),__consumer_offsets-33 -> (Leader:-1,ISR:2,LeaderRecoveryState:RECOVERED,LeaderEpoch:1,ZkVersion:1,ControllerEpoch:1),__consumer_offsets-15 -> (Leader:-1,ISR:2,LeaderRecoveryState:RECOVERED,LeaderEpoch:1,ZkVersion:1,ControllerEpoch:1),__consumer_offsets-48 -> (Leader:-1,ISR:2,LeaderRecoveryState:RECOVERED,LeaderEpoch:1,ZkVersion:1,ControllerEpoch:1),__consumer_offsets-11 -> (Leader:0,ISR:0,LeaderRecoveryState:RECOVERED,LeaderEpoch:0,ZkVersion:0,ControllerEpoch:1),__consumer_offsets-44 -> (Leader:0,ISR:0,LeaderRecoveryState:RECOVERED,LeaderEpoch:0,ZkVersion:0,ControllerEpoch:1),__consumer_offsets-23 -> (Leader:0,ISR:0,LeaderRecoveryState:RECOVERED,LeaderEpoch:0,ZkVersion:0,ControllerEpoch:1),__consumer_offsets-19 -> (Leader:-1,ISR:1,LeaderRecoveryState:RECOVERED,LeaderEpoch:1,ZkVersion:1,ControllerEpoch:1),__consumer_offsets-32 -> (Leader:0,ISR:0,LeaderRecoveryState:RECOVERED,LeaderEpoch:0,ZkVersion:0,ControllerEpoch:1),__consumer_offsets-28 -> (Leader:-1,ISR:1,LeaderRecoveryState:RECOVERED,LeaderEpoch:1,ZkVersion:1,ControllerEpoch:1),__consumer_offsets-7 -> (Leader:-1,ISR:1,LeaderRecoveryState:RECOVERED,LeaderEpoch:1,ZkVersion:1,ControllerEpoch:1),__consumer_offsets-40 -> (Leader:-1,ISR:1,LeaderRecoveryState:RECOVERED,LeaderEpoch:1,ZkVersion:1,ControllerEpoch:1),__consumer_offsets-3 -> (Leader:-1,ISR:2,LeaderRecoveryState:RECOVERED,LeaderEpoch:1,ZkVersion:1,ControllerEpoch:1),__consumer_offsets-36 -> (Leader:-1,ISR:2,LeaderRecoveryState:RECOVERED,LeaderEpoch:1,ZkVersion:1,ControllerEpoch:1),__consumer_offsets-47 -> (Leader:0,ISR:0,LeaderRecoveryState:RECOVERED,LeaderEpoch:0,ZkVersion:0,ControllerEpoch:1),NovaSeele-1 -> (Leader:0,ISR:0,LeaderRecoveryState:RECOVERED,LeaderEpoch:2,ZkVersion:2,ControllerEpoch:1),__consumer_offsets-14 -> (Leader:0,ISR:0,LeaderRecoveryState:RECOVERED,LeaderEpoch:0,ZkVersion:0,ControllerEpoch:1),__consumer_offsets-43 -> (Leader:-1,ISR:1,LeaderRecoveryState:RECOVERED,LeaderEpoch:1,ZkVersion:1,ControllerEpoch:1),__consumer_offsets-10 -> (Leader:-1,ISR:1,LeaderRecoveryState:RECOVERED,LeaderEpoch:1,ZkVersion:1,ControllerEpoch:1),__consumer_offsets-22 -> (Leader:-1,ISR:1,LeaderRecoveryState:RECOVERED,LeaderEpoch:1,ZkVersion:1,ControllerEpoch:1),add-order-1 -> (Leader:-1,ISR:1,LeaderRecoveryState:RECOVERED,LeaderEpoch:1,ZkVersion:1,ControllerEpoch:1),__consumer_offsets-18 -> (Leader:-1,ISR:2,LeaderRecoveryState:RECOVERED,LeaderEpoch:1,ZkVersion:1,ControllerEpoch:1),__consumer_offsets-31 -> (Leader:-1,ISR:1,LeaderRecoveryState:RECOVERED,LeaderEpoch:1,ZkVersion:1,ControllerEpoch:1),__consumer_offsets-27 -> (Leader:-1,ISR:2,LeaderRecoveryState:RECOVERED,LeaderEpoch:1,ZkVersion:1,ControllerEpoch:1),__consumer_offsets-39 -> (Leader:-1,ISR:2,LeaderRecoveryState:RECOVERED,LeaderEpoch:1,ZkVersion:1,ControllerEpoch:1),__consumer_offsets-6 -> (Leader:-1,ISR:2,LeaderRecoveryState:RECOVERED,LeaderEpoch:1,ZkVersion:1,ControllerEpoch:1),__consumer_offsets-35 -> (Leader:0,ISR:0,LeaderRecoveryState:RECOVERED,LeaderEpoch:0,ZkVersion:0,ControllerEpoch:1),__consumer_offsets-2 -> (Leader:0,ISR:0,LeaderRecoveryState:RECOVERED,LeaderEpoch:0,ZkVersion:0,ControllerEpoch:1) (kafka.controller.KafkaController)
[2023-11-15 23:59:26,998] INFO [Controller id=0] Shutting down broker 0 (kafka.controller.KafkaController)
[2023-11-15 23:59:26,998] DEBUG [Controller id=0] All shutting down brokers: 0 (kafka.controller.KafkaController)
[2023-11-15 23:59:26,998] DEBUG [Controller id=0] Live brokers:  (kafka.controller.KafkaController)
[2023-11-15 23:59:27,003] TRACE [Controller id=0] All leaders = __consumer_offsets-13 -> (Leader:-1,ISR:1,LeaderRecoveryState:RECOVERED,LeaderEpoch:1,ZkVersion:1,ControllerEpoch:1),__consumer_offsets-46 -> (Leader:-1,ISR:1,LeaderRecoveryState:RECOVERED,LeaderEpoch:1,ZkVersion:1,ControllerEpoch:1),NovaSeele-0 -> (Leader:0,ISR:0,LeaderRecoveryState:RECOVERED,LeaderEpoch:2,ZkVersion:2,ControllerEpoch:1),__consumer_offsets-9 -> (Leader:-1,ISR:2,LeaderRecoveryState:RECOVERED,LeaderEpoch:1,ZkVersion:1,ControllerEpoch:1),__consumer_offsets-42 -> (Leader:-1,ISR:2,LeaderRecoveryState:RECOVERED,LeaderEpoch:1,ZkVersion:1,ControllerEpoch:1),__consumer_offsets-21 -> (Leader:-1,ISR:2,LeaderRecoveryState:RECOVERED,LeaderEpoch:1,ZkVersion:1,ControllerEpoch:1),add-order-0 -> (Leader:-1,ISR:2,LeaderRecoveryState:RECOVERED,LeaderEpoch:1,ZkVersion:1,ControllerEpoch:1),__consumer_offsets-17 -> (Leader:0,ISR:0,LeaderRecoveryState:RECOVERED,LeaderEpoch:0,ZkVersion:0,ControllerEpoch:1),add-orders-0 -> (Leader:0,ISR:0,LeaderRecoveryState:RECOVERED,LeaderEpoch:2,ZkVersion:2,ControllerEpoch:1),__consumer_offsets-30 -> (Leader:-1,ISR:2,LeaderRecoveryState:RECOVERED,LeaderEpoch:1,ZkVersion:1,ControllerEpoch:1),add-product-1 -> (Leader:0,ISR:0,LeaderRecoveryState:RECOVERED,LeaderEpoch:2,ZkVersion:2,ControllerEpoch:1),__consumer_offsets-26 -> (Leader:0,ISR:0,LeaderRecoveryState:RECOVERED,LeaderEpoch:0,ZkVersion:0,ControllerEpoch:1),__consumer_offsets-5 -> (Leader:0,ISR:0,LeaderRecoveryState:RECOVERED,LeaderEpoch:0,ZkVersion:0,ControllerEpoch:1),__consumer_offsets-38 -> (Leader:0,ISR:0,LeaderRecoveryState:RECOVERED,LeaderEpoch:0,ZkVersion:0,ControllerEpoch:1),__consumer_offsets-1 -> (Leader:-1,ISR:1,LeaderRecoveryState:RECOVERED,LeaderEpoch:1,ZkVersion:1,ControllerEpoch:1),__consumer_offsets-34 -> (Leader:-1,ISR:1,LeaderRecoveryState:RECOVERED,LeaderEpoch:1,ZkVersion:1,ControllerEpoch:1),__consumer_offsets-16 -> (Leader:-1,ISR:1,LeaderRecoveryState:RECOVERED,LeaderEpoch:1,ZkVersion:1,ControllerEpoch:1),__consumer_offsets-45 -> (Leader:-1,ISR:2,LeaderRecoveryState:RECOVERED,LeaderEpoch:1,ZkVersion:1,ControllerEpoch:1),__consumer_offsets-12 -> (Leader:-1,ISR:2,LeaderRecoveryState:RECOVERED,LeaderEpoch:1,ZkVersion:1,ControllerEpoch:1),__consumer_offsets-41 -> (Leader:0,ISR:0,LeaderRecoveryState:RECOVERED,LeaderEpoch:0,ZkVersion:0,ControllerEpoch:1),__consumer_offsets-24 -> (Leader:-1,ISR:2,LeaderRecoveryState:RECOVERED,LeaderEpoch:1,ZkVersion:1,ControllerEpoch:1),__consumer_offsets-20 -> (Leader:0,ISR:0,LeaderRecoveryState:RECOVERED,LeaderEpoch:0,ZkVersion:0,ControllerEpoch:1),add-orders-1 -> (Leader:0,ISR:0,LeaderRecoveryState:RECOVERED,LeaderEpoch:2,ZkVersion:2,ControllerEpoch:1),__consumer_offsets-49 -> (Leader:-1,ISR:1,LeaderRecoveryState:RECOVERED,LeaderEpoch:1,ZkVersion:1,ControllerEpoch:1),__consumer_offsets-0 -> (Leader:-1,ISR:2,LeaderRecoveryState:RECOVERED,LeaderEpoch:1,ZkVersion:1,ControllerEpoch:1),add-product-0 -> (Leader:0,ISR:0,LeaderRecoveryState:RECOVERED,LeaderEpoch:2,ZkVersion:2,ControllerEpoch:1),__consumer_offsets-29 -> (Leader:0,ISR:0,LeaderRecoveryState:RECOVERED,LeaderEpoch:0,ZkVersion:0,ControllerEpoch:1),__consumer_offsets-25 -> (Leader:-1,ISR:1,LeaderRecoveryState:RECOVERED,LeaderEpoch:1,ZkVersion:1,ControllerEpoch:1),__consumer_offsets-8 -> (Leader:0,ISR:0,LeaderRecoveryState:RECOVERED,LeaderEpoch:0,ZkVersion:0,ControllerEpoch:1),__consumer_offsets-37 -> (Leader:-1,ISR:1,LeaderRecoveryState:RECOVERED,LeaderEpoch:1,ZkVersion:1,ControllerEpoch:1),__consumer_offsets-4 -> (Leader:-1,ISR:1,LeaderRecoveryState:RECOVERED,LeaderEpoch:1,ZkVersion:1,ControllerEpoch:1),__consumer_offsets-33 -> (Leader:-1,ISR:2,LeaderRecoveryState:RECOVERED,LeaderEpoch:1,ZkVersion:1,ControllerEpoch:1),__consumer_offsets-15 -> (Leader:-1,ISR:2,LeaderRecoveryState:RECOVERED,LeaderEpoch:1,ZkVersion:1,ControllerEpoch:1),__consumer_offsets-48 -> (Leader:-1,ISR:2,LeaderRecoveryState:RECOVERED,LeaderEpoch:1,ZkVersion:1,ControllerEpoch:1),__consumer_offsets-11 -> (Leader:0,ISR:0,LeaderRecoveryState:RECOVERED,LeaderEpoch:0,ZkVersion:0,ControllerEpoch:1),__consumer_offsets-44 -> (Leader:0,ISR:0,LeaderRecoveryState:RECOVERED,LeaderEpoch:0,ZkVersion:0,ControllerEpoch:1),__consumer_offsets-23 -> (Leader:0,ISR:0,LeaderRecoveryState:RECOVERED,LeaderEpoch:0,ZkVersion:0,ControllerEpoch:1),__consumer_offsets-19 -> (Leader:-1,ISR:1,LeaderRecoveryState:RECOVERED,LeaderEpoch:1,ZkVersion:1,ControllerEpoch:1),__consumer_offsets-32 -> (Leader:0,ISR:0,LeaderRecoveryState:RECOVERED,LeaderEpoch:0,ZkVersion:0,ControllerEpoch:1),__consumer_offsets-28 -> (Leader:-1,ISR:1,LeaderRecoveryState:RECOVERED,LeaderEpoch:1,ZkVersion:1,ControllerEpoch:1),__consumer_offsets-7 -> (Leader:-1,ISR:1,LeaderRecoveryState:RECOVERED,LeaderEpoch:1,ZkVersion:1,ControllerEpoch:1),__consumer_offsets-40 -> (Leader:-1,ISR:1,LeaderRecoveryState:RECOVERED,LeaderEpoch:1,ZkVersion:1,ControllerEpoch:1),__consumer_offsets-3 -> (Leader:-1,ISR:2,LeaderRecoveryState:RECOVERED,LeaderEpoch:1,ZkVersion:1,ControllerEpoch:1),__consumer_offsets-36 -> (Leader:-1,ISR:2,LeaderRecoveryState:RECOVERED,LeaderEpoch:1,ZkVersion:1,ControllerEpoch:1),__consumer_offsets-47 -> (Leader:0,ISR:0,LeaderRecoveryState:RECOVERED,LeaderEpoch:0,ZkVersion:0,ControllerEpoch:1),NovaSeele-1 -> (Leader:0,ISR:0,LeaderRecoveryState:RECOVERED,LeaderEpoch:2,ZkVersion:2,ControllerEpoch:1),__consumer_offsets-14 -> (Leader:0,ISR:0,LeaderRecoveryState:RECOVERED,LeaderEpoch:0,ZkVersion:0,ControllerEpoch:1),__consumer_offsets-43 -> (Leader:-1,ISR:1,LeaderRecoveryState:RECOVERED,LeaderEpoch:1,ZkVersion:1,ControllerEpoch:1),__consumer_offsets-10 -> (Leader:-1,ISR:1,LeaderRecoveryState:RECOVERED,LeaderEpoch:1,ZkVersion:1,ControllerEpoch:1),__consumer_offsets-22 -> (Leader:-1,ISR:1,LeaderRecoveryState:RECOVERED,LeaderEpoch:1,ZkVersion:1,ControllerEpoch:1),add-order-1 -> (Leader:-1,ISR:1,LeaderRecoveryState:RECOVERED,LeaderEpoch:1,ZkVersion:1,ControllerEpoch:1),__consumer_offsets-18 -> (Leader:-1,ISR:2,LeaderRecoveryState:RECOVERED,LeaderEpoch:1,ZkVersion:1,ControllerEpoch:1),__consumer_offsets-31 -> (Leader:-1,ISR:1,LeaderRecoveryState:RECOVERED,LeaderEpoch:1,ZkVersion:1,ControllerEpoch:1),__consumer_offsets-27 -> (Leader:-1,ISR:2,LeaderRecoveryState:RECOVERED,LeaderEpoch:1,ZkVersion:1,ControllerEpoch:1),__consumer_offsets-39 -> (Leader:-1,ISR:2,LeaderRecoveryState:RECOVERED,LeaderEpoch:1,ZkVersion:1,ControllerEpoch:1),__consumer_offsets-6 -> (Leader:-1,ISR:2,LeaderRecoveryState:RECOVERED,LeaderEpoch:1,ZkVersion:1,ControllerEpoch:1),__consumer_offsets-35 -> (Leader:0,ISR:0,LeaderRecoveryState:RECOVERED,LeaderEpoch:0,ZkVersion:0,ControllerEpoch:1),__consumer_offsets-2 -> (Leader:0,ISR:0,LeaderRecoveryState:RECOVERED,LeaderEpoch:0,ZkVersion:0,ControllerEpoch:1) (kafka.controller.KafkaController)
[2023-11-15 23:59:27,315] INFO [ControllerEventThread controllerId=0] Shutting down (kafka.controller.ControllerEventManager$ControllerEventThread)
[2023-11-15 23:59:27,316] INFO [ControllerEventThread controllerId=0] Stopped (kafka.controller.ControllerEventManager$ControllerEventThread)
[2023-11-15 23:59:27,316] INFO [ControllerEventThread controllerId=0] Shutdown completed (kafka.controller.ControllerEventManager$ControllerEventThread)
[2023-11-15 23:59:27,316] DEBUG [Controller id=0] Resigning (kafka.controller.KafkaController)
[2023-11-15 23:59:27,316] DEBUG [Controller id=0] Unregister BrokerModifications handler for Set(0) (kafka.controller.KafkaController)
[2023-11-15 23:59:27,319] INFO [PartitionStateMachine controllerId=0] Stopped partition state machine (kafka.controller.ZkPartitionStateMachine)
[2023-11-15 23:59:27,320] INFO [ReplicaStateMachine controllerId=0] Stopped replica state machine (kafka.controller.ZkReplicaStateMachine)
[2023-11-15 23:59:27,320] INFO [RequestSendThread controllerId=0] Shutting down (kafka.controller.RequestSendThread)
[2023-11-15 23:59:27,321] INFO [RequestSendThread controllerId=0] Stopped (kafka.controller.RequestSendThread)
[2023-11-15 23:59:27,321] INFO [RequestSendThread controllerId=0] Shutdown completed (kafka.controller.RequestSendThread)
[2023-11-15 23:59:27,323] INFO [Controller id=0] Resigned (kafka.controller.KafkaController)
